21-Feb-2018 11:46:30.961 INFO [main] org.apache.catalina.startup.VersionLoggerListener.log Server version:        Apache Tomcat/9.0.4
21-Feb-2018 11:46:30.965 INFO [main] org.apache.catalina.startup.VersionLoggerListener.log Server built:          Jan 18 2018 19:42:17 UTC
21-Feb-2018 11:46:30.965 INFO [main] org.apache.catalina.startup.VersionLoggerListener.log Server number:         9.0.4.0
21-Feb-2018 11:46:30.965 INFO [main] org.apache.catalina.startup.VersionLoggerListener.log OS Name:               Mac OS X
21-Feb-2018 11:46:30.965 INFO [main] org.apache.catalina.startup.VersionLoggerListener.log OS Version:            10.13.2
21-Feb-2018 11:46:30.966 INFO [main] org.apache.catalina.startup.VersionLoggerListener.log Architecture:          x86_64
21-Feb-2018 11:46:30.966 INFO [main] org.apache.catalina.startup.VersionLoggerListener.log Java Home:             /Library/Java/JavaVirtualMachines/jdk1.8.0_112.jdk/Contents/Home/jre
21-Feb-2018 11:46:30.966 INFO [main] org.apache.catalina.startup.VersionLoggerListener.log JVM Version:           1.8.0_112-b16
21-Feb-2018 11:46:30.966 INFO [main] org.apache.catalina.startup.VersionLoggerListener.log JVM Vendor:            Oracle Corporation
21-Feb-2018 11:46:30.966 INFO [main] org.apache.catalina.startup.VersionLoggerListener.log CATALINA_BASE:         /Users/Pepper/IM2073WebApp/tomcat
21-Feb-2018 11:46:30.966 INFO [main] org.apache.catalina.startup.VersionLoggerListener.log CATALINA_HOME:         /Users/Pepper/IM2073WebApp/tomcat
21-Feb-2018 11:46:30.967 INFO [main] org.apache.catalina.startup.VersionLoggerListener.log Command line argument: -Djava.util.logging.config.file=/Users/Pepper/IM2073WebApp/tomcat/conf/logging.properties
21-Feb-2018 11:46:30.967 INFO [main] org.apache.catalina.startup.VersionLoggerListener.log Command line argument: -Djava.util.logging.manager=org.apache.juli.ClassLoaderLogManager
21-Feb-2018 11:46:30.967 INFO [main] org.apache.catalina.startup.VersionLoggerListener.log Command line argument: -Djdk.tls.ephemeralDHKeySize=2048
21-Feb-2018 11:46:30.968 INFO [main] org.apache.catalina.startup.VersionLoggerListener.log Command line argument: -Djava.protocol.handler.pkgs=org.apache.catalina.webresources
21-Feb-2018 11:46:30.968 INFO [main] org.apache.catalina.startup.VersionLoggerListener.log Command line argument: -Dignore.endorsed.dirs=
21-Feb-2018 11:46:30.968 INFO [main] org.apache.catalina.startup.VersionLoggerListener.log Command line argument: -Dcatalina.base=/Users/Pepper/IM2073WebApp/tomcat
21-Feb-2018 11:46:30.968 INFO [main] org.apache.catalina.startup.VersionLoggerListener.log Command line argument: -Dcatalina.home=/Users/Pepper/IM2073WebApp/tomcat
21-Feb-2018 11:46:30.968 INFO [main] org.apache.catalina.startup.VersionLoggerListener.log Command line argument: -Djava.io.tmpdir=/Users/Pepper/IM2073WebApp/tomcat/temp
21-Feb-2018 11:46:30.968 INFO [main] org.apache.catalina.core.AprLifecycleListener.lifecycleEvent The APR based Apache Tomcat Native library which allows optimal performance in production environments was not found on the java.library.path: [/Users/Pepper/Library/Java/Extensions:/Library/Java/Extensions:/Network/Library/Java/Extensions:/System/Library/Java/Extensions:/usr/lib/java:.]
21-Feb-2018 11:46:31.153 INFO [main] org.apache.coyote.AbstractProtocol.init Initializing ProtocolHandler ["http-nio-9999"]
21-Feb-2018 11:46:31.189 INFO [main] org.apache.tomcat.util.net.NioSelectorPool.getSharedSelector Using a shared selector for servlet write/read
21-Feb-2018 11:46:31.198 INFO [main] org.apache.coyote.AbstractProtocol.init Initializing ProtocolHandler ["ajp-nio-8009"]
21-Feb-2018 11:46:31.199 INFO [main] org.apache.tomcat.util.net.NioSelectorPool.getSharedSelector Using a shared selector for servlet write/read
21-Feb-2018 11:46:31.199 INFO [main] org.apache.catalina.startup.Catalina.load Initialization processed in 737 ms
21-Feb-2018 11:46:31.228 INFO [main] org.apache.catalina.core.StandardService.startInternal Starting service [Catalina]
21-Feb-2018 11:46:31.228 INFO [main] org.apache.catalina.core.StandardEngine.startInternal Starting Servlet Engine: Apache Tomcat/9.0.4
21-Feb-2018 11:46:31.237 INFO [main] org.apache.catalina.startup.HostConfig.deployDirectory Deploying web application directory [/Users/Pepper/IM2073WebApp/tomcat/webapps/docs]
21-Feb-2018 11:46:31.743 INFO [main] org.apache.jasper.servlet.TldScanner.scanJars At least one JAR was scanned for TLDs yet contained no TLDs. Enable debug logging for this logger for a complete list of JARs that were scanned but no TLDs were found in them. Skipping unneeded JARs during scanning can improve startup time and JSP compilation time.
21-Feb-2018 11:46:31.801 INFO [main] org.apache.catalina.startup.HostConfig.deployDirectory Deployment of web application directory [/Users/Pepper/IM2073WebApp/tomcat/webapps/docs] has finished in [565] ms
21-Feb-2018 11:46:31.802 INFO [main] org.apache.catalina.startup.HostConfig.deployDirectory Deploying web application directory [/Users/Pepper/IM2073WebApp/tomcat/webapps/manager]
21-Feb-2018 11:46:31.938 INFO [main] org.apache.jasper.servlet.TldScanner.scanJars At least one JAR was scanned for TLDs yet contained no TLDs. Enable debug logging for this logger for a complete list of JARs that were scanned but no TLDs were found in them. Skipping unneeded JARs during scanning can improve startup time and JSP compilation time.
21-Feb-2018 11:46:31.943 INFO [main] org.apache.catalina.startup.HostConfig.deployDirectory Deployment of web application directory [/Users/Pepper/IM2073WebApp/tomcat/webapps/manager] has finished in [141] ms
21-Feb-2018 11:46:31.943 INFO [main] org.apache.catalina.startup.HostConfig.deployDirectory Deploying web application directory [/Users/Pepper/IM2073WebApp/tomcat/webapps/examples]
21-Feb-2018 11:46:32.291 INFO [main] org.apache.jasper.servlet.TldScanner.scanJars At least one JAR was scanned for TLDs yet contained no TLDs. Enable debug logging for this logger for a complete list of JARs that were scanned but no TLDs were found in them. Skipping unneeded JARs during scanning can improve startup time and JSP compilation time.
21-Feb-2018 11:46:32.311 INFO [main] org.apache.catalina.startup.HostConfig.deployDirectory Deployment of web application directory [/Users/Pepper/IM2073WebApp/tomcat/webapps/examples] has finished in [367] ms
21-Feb-2018 11:46:32.311 INFO [main] org.apache.catalina.startup.HostConfig.deployDirectory Deploying web application directory [/Users/Pepper/IM2073WebApp/tomcat/webapps/ROOT]
21-Feb-2018 11:46:32.434 INFO [main] org.apache.jasper.servlet.TldScanner.scanJars At least one JAR was scanned for TLDs yet contained no TLDs. Enable debug logging for this logger for a complete list of JARs that were scanned but no TLDs were found in them. Skipping unneeded JARs during scanning can improve startup time and JSP compilation time.
21-Feb-2018 11:46:32.435 INFO [main] org.apache.catalina.startup.HostConfig.deployDirectory Deployment of web application directory [/Users/Pepper/IM2073WebApp/tomcat/webapps/ROOT] has finished in [124] ms
21-Feb-2018 11:46:32.436 INFO [main] org.apache.catalina.startup.HostConfig.deployDirectory Deploying web application directory [/Users/Pepper/IM2073WebApp/tomcat/webapps/hello]
21-Feb-2018 11:46:32.540 INFO [main] org.apache.jasper.servlet.TldScanner.scanJars At least one JAR was scanned for TLDs yet contained no TLDs. Enable debug logging for this logger for a complete list of JARs that were scanned but no TLDs were found in them. Skipping unneeded JARs during scanning can improve startup time and JSP compilation time.
21-Feb-2018 11:46:32.546 INFO [main] org.apache.catalina.startup.HostConfig.deployDirectory Deployment of web application directory [/Users/Pepper/IM2073WebApp/tomcat/webapps/hello] has finished in [110] ms
21-Feb-2018 11:46:32.547 INFO [main] org.apache.catalina.startup.HostConfig.deployDirectory Deploying web application directory [/Users/Pepper/IM2073WebApp/tomcat/webapps/host-manager]
21-Feb-2018 11:46:32.636 INFO [main] org.apache.jasper.servlet.TldScanner.scanJars At least one JAR was scanned for TLDs yet contained no TLDs. Enable debug logging for this logger for a complete list of JARs that were scanned but no TLDs were found in them. Skipping unneeded JARs during scanning can improve startup time and JSP compilation time.
21-Feb-2018 11:46:32.638 INFO [main] org.apache.catalina.startup.HostConfig.deployDirectory Deployment of web application directory [/Users/Pepper/IM2073WebApp/tomcat/webapps/host-manager] has finished in [92] ms
21-Feb-2018 11:46:32.642 INFO [main] org.apache.coyote.AbstractProtocol.start Starting ProtocolHandler ["http-nio-9999"]
21-Feb-2018 11:46:32.649 INFO [main] org.apache.coyote.AbstractProtocol.start Starting ProtocolHandler ["ajp-nio-8009"]
21-Feb-2018 11:46:32.650 INFO [main] org.apache.catalina.startup.Catalina.start Server startup in 1450 ms
21-Feb-2018 11:47:13.711 INFO [Async1-Thread] async.Async1$1.run Putting AsyncThread to sleep
21-Feb-2018 11:47:14.492 INFO [Async1-Thread] async.Async1$1.run Putting AsyncThread to sleep
21-Feb-2018 11:47:15.716 INFO [Async1-Thread] async.Async1$1.run Dispatching to /jsp/async/async1.jsp
Inside Async 1
21-Feb-2018 11:47:16.494 INFO [Async1-Thread] async.Async1$1.run Dispatching to /jsp/async/async1.jsp
Inside Async 1
28-Feb-2018 09:53:06.652 INFO [ContainerBackgroundProcessor[StandardEngine[Catalina]]] org.apache.catalina.startup.HostConfig.deployDirectory Deploying web application directory [/Users/Pepper/IM2073WebApp/tomcat/webapps/ebookshop]
28-Feb-2018 09:53:06.880 INFO [ContainerBackgroundProcessor[StandardEngine[Catalina]]] org.apache.jasper.servlet.TldScanner.scanJars At least one JAR was scanned for TLDs yet contained no TLDs. Enable debug logging for this logger for a complete list of JARs that were scanned but no TLDs were found in them. Skipping unneeded JARs during scanning can improve startup time and JSP compilation time.
28-Feb-2018 09:53:06.887 INFO [ContainerBackgroundProcessor[StandardEngine[Catalina]]] org.apache.catalina.startup.HostConfig.deployDirectory Deployment of web application directory [/Users/Pepper/IM2073WebApp/tomcat/webapps/ebookshop] has finished in [250] ms
28-Feb-2018 10:24:18.478 INFO [ContainerBackgroundProcessor[StandardEngine[Catalina]]] org.apache.catalina.startup.HostConfig.reload Reloading context [/ebookshop]
28-Feb-2018 10:24:18.478 INFO [ContainerBackgroundProcessor[StandardEngine[Catalina]]] org.apache.catalina.core.StandardContext.reload Reloading Context with name [/ebookshop] has started
28-Feb-2018 10:24:18.713 INFO [ContainerBackgroundProcessor[StandardEngine[Catalina]]] org.apache.jasper.servlet.TldScanner.scanJars At least one JAR was scanned for TLDs yet contained no TLDs. Enable debug logging for this logger for a complete list of JARs that were scanned but no TLDs were found in them. Skipping unneeded JARs during scanning can improve startup time and JSP compilation time.
28-Feb-2018 10:24:18.717 INFO [ContainerBackgroundProcessor[StandardEngine[Catalina]]] org.apache.catalina.core.StandardContext.reload Reloading Context with name [/ebookshop] is completed
Wed Feb 28 10:26:48 SGT 2018 WARN: Establishing SSL connection without server's identity verification is not recommended. According to MySQL 5.5.45+, 5.6.26+ and 5.7.6+ requirements SSL connection must be established by default if explicit option isn't set. For compliance with existing applications not using SSL the verifyServerCertificate property is set to 'false'. You need either to explicitly disable SSL by setting useSSL=false, or set useSSL=true and provide truststore for server certificate verification.
Wed Feb 28 10:29:54 SGT 2018 WARN: Establishing SSL connection without server's identity verification is not recommended. According to MySQL 5.5.45+, 5.6.26+ and 5.7.6+ requirements SSL connection must be established by default if explicit option isn't set. For compliance with existing applications not using SSL the verifyServerCertificate property is set to 'false'. You need either to explicitly disable SSL by setting useSSL=false, or set useSSL=true and provide truststore for server certificate verification.
Wed Feb 28 10:29:58 SGT 2018 WARN: Establishing SSL connection without server's identity verification is not recommended. According to MySQL 5.5.45+, 5.6.26+ and 5.7.6+ requirements SSL connection must be established by default if explicit option isn't set. For compliance with existing applications not using SSL the verifyServerCertificate property is set to 'false'. You need either to explicitly disable SSL by setting useSSL=false, or set useSSL=true and provide truststore for server certificate verification.
Wed Feb 28 10:30:11 SGT 2018 WARN: Establishing SSL connection without server's identity verification is not recommended. According to MySQL 5.5.45+, 5.6.26+ and 5.7.6+ requirements SSL connection must be established by default if explicit option isn't set. For compliance with existing applications not using SSL the verifyServerCertificate property is set to 'false'. You need either to explicitly disable SSL by setting useSSL=false, or set useSSL=true and provide truststore for server certificate verification.
Wed Feb 28 10:30:32 SGT 2018 WARN: Establishing SSL connection without server's identity verification is not recommended. According to MySQL 5.5.45+, 5.6.26+ and 5.7.6+ requirements SSL connection must be established by default if explicit option isn't set. For compliance with existing applications not using SSL the verifyServerCertificate property is set to 'false'. You need either to explicitly disable SSL by setting useSSL=false, or set useSSL=true and provide truststore for server certificate verification.
28-Feb-2018 10:39:49.481 INFO [ContainerBackgroundProcessor[StandardEngine[Catalina]]] org.apache.catalina.core.StandardContext.reload Reloading Context with name [/ebookshop] has started
28-Feb-2018 10:39:49.606 INFO [ContainerBackgroundProcessor[StandardEngine[Catalina]]] org.apache.jasper.servlet.TldScanner.scanJars At least one JAR was scanned for TLDs yet contained no TLDs. Enable debug logging for this logger for a complete list of JARs that were scanned but no TLDs were found in them. Skipping unneeded JARs during scanning can improve startup time and JSP compilation time.
28-Feb-2018 10:39:49.609 INFO [ContainerBackgroundProcessor[StandardEngine[Catalina]]] org.apache.catalina.core.StandardContext.reload Reloading Context with name [/ebookshop] is completed
28-Feb-2018 10:40:28.395 INFO [main] org.apache.catalina.core.StandardServer.await A valid shutdown command was received via the shutdown port. Stopping the Server instance.
28-Feb-2018 10:40:28.396 INFO [main] org.apache.coyote.AbstractProtocol.pause Pausing ProtocolHandler ["http-nio-9999"]
28-Feb-2018 10:40:28.453 INFO [main] org.apache.coyote.AbstractProtocol.pause Pausing ProtocolHandler ["ajp-nio-8009"]
28-Feb-2018 10:40:28.506 INFO [main] org.apache.catalina.core.StandardService.stopInternal Stopping service [Catalina]
28-Feb-2018 10:40:28.539 INFO [main] org.apache.coyote.AbstractProtocol.stop Stopping ProtocolHandler ["http-nio-9999"]
28-Feb-2018 10:40:28.542 INFO [main] org.apache.coyote.AbstractProtocol.stop Stopping ProtocolHandler ["ajp-nio-8009"]
28-Feb-2018 10:40:28.544 INFO [main] org.apache.coyote.AbstractProtocol.destroy Destroying ProtocolHandler ["http-nio-9999"]
28-Feb-2018 10:40:28.545 INFO [main] org.apache.coyote.AbstractProtocol.destroy Destroying ProtocolHandler ["ajp-nio-8009"]
