21-Feb-2018 09:40:49.193 INFO [main] org.apache.catalina.startup.VersionLoggerListener.log Server version:        Apache Tomcat/9.0.4
21-Feb-2018 09:40:49.198 INFO [main] org.apache.catalina.startup.VersionLoggerListener.log Server built:          Jan 18 2018 19:42:17 UTC
21-Feb-2018 09:40:49.198 INFO [main] org.apache.catalina.startup.VersionLoggerListener.log Server number:         9.0.4.0
21-Feb-2018 09:40:49.199 INFO [main] org.apache.catalina.startup.VersionLoggerListener.log OS Name:               Mac OS X
21-Feb-2018 09:40:49.199 INFO [main] org.apache.catalina.startup.VersionLoggerListener.log OS Version:            10.13.2
21-Feb-2018 09:40:49.199 INFO [main] org.apache.catalina.startup.VersionLoggerListener.log Architecture:          x86_64
21-Feb-2018 09:40:49.199 INFO [main] org.apache.catalina.startup.VersionLoggerListener.log Java Home:             /Library/Java/JavaVirtualMachines/jdk1.8.0_112.jdk/Contents/Home/jre
21-Feb-2018 09:40:49.199 INFO [main] org.apache.catalina.startup.VersionLoggerListener.log JVM Version:           1.8.0_112-b16
21-Feb-2018 09:40:49.199 INFO [main] org.apache.catalina.startup.VersionLoggerListener.log JVM Vendor:            Oracle Corporation
21-Feb-2018 09:40:49.200 INFO [main] org.apache.catalina.startup.VersionLoggerListener.log CATALINA_BASE:         /Users/Pepper/IM2073WebApp/tomcat
21-Feb-2018 09:40:49.200 INFO [main] org.apache.catalina.startup.VersionLoggerListener.log CATALINA_HOME:         /Users/Pepper/IM2073WebApp/tomcat
21-Feb-2018 09:40:49.201 INFO [main] org.apache.catalina.startup.VersionLoggerListener.log Command line argument: -Djava.util.logging.config.file=/Users/Pepper/IM2073WebApp/tomcat/conf/logging.properties
21-Feb-2018 09:40:49.201 INFO [main] org.apache.catalina.startup.VersionLoggerListener.log Command line argument: -Djava.util.logging.manager=org.apache.juli.ClassLoaderLogManager
21-Feb-2018 09:40:49.201 INFO [main] org.apache.catalina.startup.VersionLoggerListener.log Command line argument: -Djdk.tls.ephemeralDHKeySize=2048
21-Feb-2018 09:40:49.201 INFO [main] org.apache.catalina.startup.VersionLoggerListener.log Command line argument: -Djava.protocol.handler.pkgs=org.apache.catalina.webresources
21-Feb-2018 09:40:49.202 INFO [main] org.apache.catalina.startup.VersionLoggerListener.log Command line argument: -Dignore.endorsed.dirs=
21-Feb-2018 09:40:49.202 INFO [main] org.apache.catalina.startup.VersionLoggerListener.log Command line argument: -Dcatalina.base=/Users/Pepper/IM2073WebApp/tomcat
21-Feb-2018 09:40:49.202 INFO [main] org.apache.catalina.startup.VersionLoggerListener.log Command line argument: -Dcatalina.home=/Users/Pepper/IM2073WebApp/tomcat
21-Feb-2018 09:40:49.202 INFO [main] org.apache.catalina.startup.VersionLoggerListener.log Command line argument: -Djava.io.tmpdir=/Users/Pepper/IM2073WebApp/tomcat/temp
21-Feb-2018 09:40:49.202 INFO [main] org.apache.catalina.core.AprLifecycleListener.lifecycleEvent The APR based Apache Tomcat Native library which allows optimal performance in production environments was not found on the java.library.path: [/Users/Pepper/Library/Java/Extensions:/Library/Java/Extensions:/Network/Library/Java/Extensions:/System/Library/Java/Extensions:/usr/lib/java:.]
21-Feb-2018 09:40:49.383 INFO [main] org.apache.coyote.AbstractProtocol.init Initializing ProtocolHandler ["http-nio-9999"]
21-Feb-2018 09:40:49.423 INFO [main] org.apache.tomcat.util.net.NioSelectorPool.getSharedSelector Using a shared selector for servlet write/read
21-Feb-2018 09:40:49.433 INFO [main] org.apache.coyote.AbstractProtocol.init Initializing ProtocolHandler ["ajp-nio-8009"]
21-Feb-2018 09:40:49.436 INFO [main] org.apache.tomcat.util.net.NioSelectorPool.getSharedSelector Using a shared selector for servlet write/read
21-Feb-2018 09:40:49.437 INFO [main] org.apache.catalina.startup.Catalina.load Initialization processed in 751 ms
21-Feb-2018 09:40:49.472 INFO [main] org.apache.catalina.core.StandardService.startInternal Starting service [Catalina]
21-Feb-2018 09:40:49.473 INFO [main] org.apache.catalina.core.StandardEngine.startInternal Starting Servlet Engine: Apache Tomcat/9.0.4
21-Feb-2018 09:40:49.482 INFO [main] org.apache.catalina.startup.HostConfig.deployDirectory Deploying web application directory [/Users/Pepper/IM2073WebApp/tomcat/webapps/docs]
21-Feb-2018 09:40:50.079 INFO [main] org.apache.jasper.servlet.TldScanner.scanJars At least one JAR was scanned for TLDs yet contained no TLDs. Enable debug logging for this logger for a complete list of JARs that were scanned but no TLDs were found in them. Skipping unneeded JARs during scanning can improve startup time and JSP compilation time.
21-Feb-2018 09:40:50.143 INFO [main] org.apache.catalina.startup.HostConfig.deployDirectory Deployment of web application directory [/Users/Pepper/IM2073WebApp/tomcat/webapps/docs] has finished in [660] ms
21-Feb-2018 09:40:50.143 INFO [main] org.apache.catalina.startup.HostConfig.deployDirectory Deploying web application directory [/Users/Pepper/IM2073WebApp/tomcat/webapps/manager]
21-Feb-2018 09:40:50.272 INFO [main] org.apache.jasper.servlet.TldScanner.scanJars At least one JAR was scanned for TLDs yet contained no TLDs. Enable debug logging for this logger for a complete list of JARs that were scanned but no TLDs were found in them. Skipping unneeded JARs during scanning can improve startup time and JSP compilation time.
21-Feb-2018 09:40:50.277 INFO [main] org.apache.catalina.startup.HostConfig.deployDirectory Deployment of web application directory [/Users/Pepper/IM2073WebApp/tomcat/webapps/manager] has finished in [134] ms
21-Feb-2018 09:40:50.278 INFO [main] org.apache.catalina.startup.HostConfig.deployDirectory Deploying web application directory [/Users/Pepper/IM2073WebApp/tomcat/webapps/examples]
21-Feb-2018 09:40:50.622 INFO [main] org.apache.jasper.servlet.TldScanner.scanJars At least one JAR was scanned for TLDs yet contained no TLDs. Enable debug logging for this logger for a complete list of JARs that were scanned but no TLDs were found in them. Skipping unneeded JARs during scanning can improve startup time and JSP compilation time.
21-Feb-2018 09:40:50.644 INFO [main] org.apache.catalina.startup.HostConfig.deployDirectory Deployment of web application directory [/Users/Pepper/IM2073WebApp/tomcat/webapps/examples] has finished in [367] ms
21-Feb-2018 09:40:50.645 INFO [main] org.apache.catalina.startup.HostConfig.deployDirectory Deploying web application directory [/Users/Pepper/IM2073WebApp/tomcat/webapps/ROOT]
21-Feb-2018 09:40:50.772 INFO [main] org.apache.jasper.servlet.TldScanner.scanJars At least one JAR was scanned for TLDs yet contained no TLDs. Enable debug logging for this logger for a complete list of JARs that were scanned but no TLDs were found in them. Skipping unneeded JARs during scanning can improve startup time and JSP compilation time.
21-Feb-2018 09:40:50.773 INFO [main] org.apache.catalina.startup.HostConfig.deployDirectory Deployment of web application directory [/Users/Pepper/IM2073WebApp/tomcat/webapps/ROOT] has finished in [129] ms
21-Feb-2018 09:40:50.774 INFO [main] org.apache.catalina.startup.HostConfig.deployDirectory Deploying web application directory [/Users/Pepper/IM2073WebApp/tomcat/webapps/hello]
21-Feb-2018 09:40:50.882 INFO [main] org.apache.jasper.servlet.TldScanner.scanJars At least one JAR was scanned for TLDs yet contained no TLDs. Enable debug logging for this logger for a complete list of JARs that were scanned but no TLDs were found in them. Skipping unneeded JARs during scanning can improve startup time and JSP compilation time.
21-Feb-2018 09:40:50.888 INFO [main] org.apache.catalina.startup.HostConfig.deployDirectory Deployment of web application directory [/Users/Pepper/IM2073WebApp/tomcat/webapps/hello] has finished in [114] ms
21-Feb-2018 09:40:50.889 INFO [main] org.apache.catalina.startup.HostConfig.deployDirectory Deploying web application directory [/Users/Pepper/IM2073WebApp/tomcat/webapps/host-manager]
21-Feb-2018 09:40:50.981 INFO [main] org.apache.jasper.servlet.TldScanner.scanJars At least one JAR was scanned for TLDs yet contained no TLDs. Enable debug logging for this logger for a complete list of JARs that were scanned but no TLDs were found in them. Skipping unneeded JARs during scanning can improve startup time and JSP compilation time.
21-Feb-2018 09:40:50.983 INFO [main] org.apache.catalina.startup.HostConfig.deployDirectory Deployment of web application directory [/Users/Pepper/IM2073WebApp/tomcat/webapps/host-manager] has finished in [94] ms
21-Feb-2018 09:40:50.987 INFO [main] org.apache.coyote.AbstractProtocol.start Starting ProtocolHandler ["http-nio-9999"]
21-Feb-2018 09:40:50.994 INFO [main] org.apache.coyote.AbstractProtocol.start Starting ProtocolHandler ["ajp-nio-8009"]
21-Feb-2018 09:40:50.995 INFO [main] org.apache.catalina.startup.Catalina.start Server startup in 1558 ms
21-Feb-2018 10:23:45.347 INFO [main] org.apache.catalina.core.StandardServer.await A valid shutdown command was received via the shutdown port. Stopping the Server instance.
21-Feb-2018 10:23:45.348 INFO [main] org.apache.coyote.AbstractProtocol.pause Pausing ProtocolHandler ["http-nio-9999"]
21-Feb-2018 10:23:45.401 INFO [main] org.apache.coyote.AbstractProtocol.pause Pausing ProtocolHandler ["ajp-nio-8009"]
21-Feb-2018 10:23:45.456 INFO [main] org.apache.catalina.core.StandardService.stopInternal Stopping service [Catalina]
21-Feb-2018 10:23:45.559 INFO [main] org.apache.coyote.AbstractProtocol.stop Stopping ProtocolHandler ["http-nio-9999"]
21-Feb-2018 10:23:45.562 INFO [main] org.apache.coyote.AbstractProtocol.stop Stopping ProtocolHandler ["ajp-nio-8009"]
21-Feb-2018 10:23:45.563 INFO [main] org.apache.coyote.AbstractProtocol.destroy Destroying ProtocolHandler ["http-nio-9999"]
21-Feb-2018 10:23:45.564 INFO [main] org.apache.coyote.AbstractProtocol.destroy Destroying ProtocolHandler ["ajp-nio-8009"]
21-Feb-2018 11:46:30.961 INFO [main] org.apache.catalina.startup.VersionLoggerListener.log Server version:        Apache Tomcat/9.0.4
21-Feb-2018 11:46:30.965 INFO [main] org.apache.catalina.startup.VersionLoggerListener.log Server built:          Jan 18 2018 19:42:17 UTC
21-Feb-2018 11:46:30.965 INFO [main] org.apache.catalina.startup.VersionLoggerListener.log Server number:         9.0.4.0
21-Feb-2018 11:46:30.965 INFO [main] org.apache.catalina.startup.VersionLoggerListener.log OS Name:               Mac OS X
21-Feb-2018 11:46:30.965 INFO [main] org.apache.catalina.startup.VersionLoggerListener.log OS Version:            10.13.2
21-Feb-2018 11:46:30.966 INFO [main] org.apache.catalina.startup.VersionLoggerListener.log Architecture:          x86_64
21-Feb-2018 11:46:30.966 INFO [main] org.apache.catalina.startup.VersionLoggerListener.log Java Home:             /Library/Java/JavaVirtualMachines/jdk1.8.0_112.jdk/Contents/Home/jre
21-Feb-2018 11:46:30.966 INFO [main] org.apache.catalina.startup.VersionLoggerListener.log JVM Version:           1.8.0_112-b16
21-Feb-2018 11:46:30.966 INFO [main] org.apache.catalina.startup.VersionLoggerListener.log JVM Vendor:            Oracle Corporation
21-Feb-2018 11:46:30.966 INFO [main] org.apache.catalina.startup.VersionLoggerListener.log CATALINA_BASE:         /Users/Pepper/IM2073WebApp/tomcat
21-Feb-2018 11:46:30.966 INFO [main] org.apache.catalina.startup.VersionLoggerListener.log CATALINA_HOME:         /Users/Pepper/IM2073WebApp/tomcat
21-Feb-2018 11:46:30.967 INFO [main] org.apache.catalina.startup.VersionLoggerListener.log Command line argument: -Djava.util.logging.config.file=/Users/Pepper/IM2073WebApp/tomcat/conf/logging.properties
21-Feb-2018 11:46:30.967 INFO [main] org.apache.catalina.startup.VersionLoggerListener.log Command line argument: -Djava.util.logging.manager=org.apache.juli.ClassLoaderLogManager
21-Feb-2018 11:46:30.967 INFO [main] org.apache.catalina.startup.VersionLoggerListener.log Command line argument: -Djdk.tls.ephemeralDHKeySize=2048
21-Feb-2018 11:46:30.968 INFO [main] org.apache.catalina.startup.VersionLoggerListener.log Command line argument: -Djava.protocol.handler.pkgs=org.apache.catalina.webresources
21-Feb-2018 11:46:30.968 INFO [main] org.apache.catalina.startup.VersionLoggerListener.log Command line argument: -Dignore.endorsed.dirs=
21-Feb-2018 11:46:30.968 INFO [main] org.apache.catalina.startup.VersionLoggerListener.log Command line argument: -Dcatalina.base=/Users/Pepper/IM2073WebApp/tomcat
21-Feb-2018 11:46:30.968 INFO [main] org.apache.catalina.startup.VersionLoggerListener.log Command line argument: -Dcatalina.home=/Users/Pepper/IM2073WebApp/tomcat
21-Feb-2018 11:46:30.968 INFO [main] org.apache.catalina.startup.VersionLoggerListener.log Command line argument: -Djava.io.tmpdir=/Users/Pepper/IM2073WebApp/tomcat/temp
21-Feb-2018 11:46:30.968 INFO [main] org.apache.catalina.core.AprLifecycleListener.lifecycleEvent The APR based Apache Tomcat Native library which allows optimal performance in production environments was not found on the java.library.path: [/Users/Pepper/Library/Java/Extensions:/Library/Java/Extensions:/Network/Library/Java/Extensions:/System/Library/Java/Extensions:/usr/lib/java:.]
21-Feb-2018 11:46:31.153 INFO [main] org.apache.coyote.AbstractProtocol.init Initializing ProtocolHandler ["http-nio-9999"]
21-Feb-2018 11:46:31.189 INFO [main] org.apache.tomcat.util.net.NioSelectorPool.getSharedSelector Using a shared selector for servlet write/read
21-Feb-2018 11:46:31.198 INFO [main] org.apache.coyote.AbstractProtocol.init Initializing ProtocolHandler ["ajp-nio-8009"]
21-Feb-2018 11:46:31.199 INFO [main] org.apache.tomcat.util.net.NioSelectorPool.getSharedSelector Using a shared selector for servlet write/read
21-Feb-2018 11:46:31.199 INFO [main] org.apache.catalina.startup.Catalina.load Initialization processed in 737 ms
21-Feb-2018 11:46:31.228 INFO [main] org.apache.catalina.core.StandardService.startInternal Starting service [Catalina]
21-Feb-2018 11:46:31.228 INFO [main] org.apache.catalina.core.StandardEngine.startInternal Starting Servlet Engine: Apache Tomcat/9.0.4
21-Feb-2018 11:46:31.237 INFO [main] org.apache.catalina.startup.HostConfig.deployDirectory Deploying web application directory [/Users/Pepper/IM2073WebApp/tomcat/webapps/docs]
21-Feb-2018 11:46:31.743 INFO [main] org.apache.jasper.servlet.TldScanner.scanJars At least one JAR was scanned for TLDs yet contained no TLDs. Enable debug logging for this logger for a complete list of JARs that were scanned but no TLDs were found in them. Skipping unneeded JARs during scanning can improve startup time and JSP compilation time.
21-Feb-2018 11:46:31.801 INFO [main] org.apache.catalina.startup.HostConfig.deployDirectory Deployment of web application directory [/Users/Pepper/IM2073WebApp/tomcat/webapps/docs] has finished in [565] ms
21-Feb-2018 11:46:31.802 INFO [main] org.apache.catalina.startup.HostConfig.deployDirectory Deploying web application directory [/Users/Pepper/IM2073WebApp/tomcat/webapps/manager]
21-Feb-2018 11:46:31.938 INFO [main] org.apache.jasper.servlet.TldScanner.scanJars At least one JAR was scanned for TLDs yet contained no TLDs. Enable debug logging for this logger for a complete list of JARs that were scanned but no TLDs were found in them. Skipping unneeded JARs during scanning can improve startup time and JSP compilation time.
21-Feb-2018 11:46:31.943 INFO [main] org.apache.catalina.startup.HostConfig.deployDirectory Deployment of web application directory [/Users/Pepper/IM2073WebApp/tomcat/webapps/manager] has finished in [141] ms
21-Feb-2018 11:46:31.943 INFO [main] org.apache.catalina.startup.HostConfig.deployDirectory Deploying web application directory [/Users/Pepper/IM2073WebApp/tomcat/webapps/examples]
21-Feb-2018 11:46:32.291 INFO [main] org.apache.jasper.servlet.TldScanner.scanJars At least one JAR was scanned for TLDs yet contained no TLDs. Enable debug logging for this logger for a complete list of JARs that were scanned but no TLDs were found in them. Skipping unneeded JARs during scanning can improve startup time and JSP compilation time.
21-Feb-2018 11:46:32.311 INFO [main] org.apache.catalina.startup.HostConfig.deployDirectory Deployment of web application directory [/Users/Pepper/IM2073WebApp/tomcat/webapps/examples] has finished in [367] ms
21-Feb-2018 11:46:32.311 INFO [main] org.apache.catalina.startup.HostConfig.deployDirectory Deploying web application directory [/Users/Pepper/IM2073WebApp/tomcat/webapps/ROOT]
21-Feb-2018 11:46:32.434 INFO [main] org.apache.jasper.servlet.TldScanner.scanJars At least one JAR was scanned for TLDs yet contained no TLDs. Enable debug logging for this logger for a complete list of JARs that were scanned but no TLDs were found in them. Skipping unneeded JARs during scanning can improve startup time and JSP compilation time.
21-Feb-2018 11:46:32.435 INFO [main] org.apache.catalina.startup.HostConfig.deployDirectory Deployment of web application directory [/Users/Pepper/IM2073WebApp/tomcat/webapps/ROOT] has finished in [124] ms
21-Feb-2018 11:46:32.436 INFO [main] org.apache.catalina.startup.HostConfig.deployDirectory Deploying web application directory [/Users/Pepper/IM2073WebApp/tomcat/webapps/hello]
21-Feb-2018 11:46:32.540 INFO [main] org.apache.jasper.servlet.TldScanner.scanJars At least one JAR was scanned for TLDs yet contained no TLDs. Enable debug logging for this logger for a complete list of JARs that were scanned but no TLDs were found in them. Skipping unneeded JARs during scanning can improve startup time and JSP compilation time.
21-Feb-2018 11:46:32.546 INFO [main] org.apache.catalina.startup.HostConfig.deployDirectory Deployment of web application directory [/Users/Pepper/IM2073WebApp/tomcat/webapps/hello] has finished in [110] ms
21-Feb-2018 11:46:32.547 INFO [main] org.apache.catalina.startup.HostConfig.deployDirectory Deploying web application directory [/Users/Pepper/IM2073WebApp/tomcat/webapps/host-manager]
21-Feb-2018 11:46:32.636 INFO [main] org.apache.jasper.servlet.TldScanner.scanJars At least one JAR was scanned for TLDs yet contained no TLDs. Enable debug logging for this logger for a complete list of JARs that were scanned but no TLDs were found in them. Skipping unneeded JARs during scanning can improve startup time and JSP compilation time.
21-Feb-2018 11:46:32.638 INFO [main] org.apache.catalina.startup.HostConfig.deployDirectory Deployment of web application directory [/Users/Pepper/IM2073WebApp/tomcat/webapps/host-manager] has finished in [92] ms
21-Feb-2018 11:46:32.642 INFO [main] org.apache.coyote.AbstractProtocol.start Starting ProtocolHandler ["http-nio-9999"]
21-Feb-2018 11:46:32.649 INFO [main] org.apache.coyote.AbstractProtocol.start Starting ProtocolHandler ["ajp-nio-8009"]
21-Feb-2018 11:46:32.650 INFO [main] org.apache.catalina.startup.Catalina.start Server startup in 1450 ms
21-Feb-2018 11:46:50.252 INFO [main] org.apache.catalina.startup.VersionLoggerListener.log Server version:        Apache Tomcat/9.0.4
21-Feb-2018 11:46:50.255 INFO [main] org.apache.catalina.startup.VersionLoggerListener.log Server built:          Jan 18 2018 19:42:17 UTC
21-Feb-2018 11:46:50.256 INFO [main] org.apache.catalina.startup.VersionLoggerListener.log Server number:         9.0.4.0
21-Feb-2018 11:46:50.256 INFO [main] org.apache.catalina.startup.VersionLoggerListener.log OS Name:               Mac OS X
21-Feb-2018 11:46:50.256 INFO [main] org.apache.catalina.startup.VersionLoggerListener.log OS Version:            10.13.2
21-Feb-2018 11:46:50.256 INFO [main] org.apache.catalina.startup.VersionLoggerListener.log Architecture:          x86_64
21-Feb-2018 11:46:50.256 INFO [main] org.apache.catalina.startup.VersionLoggerListener.log Java Home:             /Library/Java/JavaVirtualMachines/jdk1.8.0_112.jdk/Contents/Home/jre
21-Feb-2018 11:46:50.256 INFO [main] org.apache.catalina.startup.VersionLoggerListener.log JVM Version:           1.8.0_112-b16
21-Feb-2018 11:46:50.257 INFO [main] org.apache.catalina.startup.VersionLoggerListener.log JVM Vendor:            Oracle Corporation
21-Feb-2018 11:46:50.257 INFO [main] org.apache.catalina.startup.VersionLoggerListener.log CATALINA_BASE:         /Users/Pepper/IM2073WebApp/tomcat
21-Feb-2018 11:46:50.257 INFO [main] org.apache.catalina.startup.VersionLoggerListener.log CATALINA_HOME:         /Users/Pepper/IM2073WebApp/tomcat
21-Feb-2018 11:46:50.259 INFO [main] org.apache.catalina.startup.VersionLoggerListener.log Command line argument: -Djava.util.logging.config.file=/Users/Pepper/IM2073WebApp/tomcat/conf/logging.properties
21-Feb-2018 11:46:50.259 INFO [main] org.apache.catalina.startup.VersionLoggerListener.log Command line argument: -Djava.util.logging.manager=org.apache.juli.ClassLoaderLogManager
21-Feb-2018 11:46:50.259 INFO [main] org.apache.catalina.startup.VersionLoggerListener.log Command line argument: -Djdk.tls.ephemeralDHKeySize=2048
21-Feb-2018 11:46:50.259 INFO [main] org.apache.catalina.startup.VersionLoggerListener.log Command line argument: -Djava.protocol.handler.pkgs=org.apache.catalina.webresources
21-Feb-2018 11:46:50.259 INFO [main] org.apache.catalina.startup.VersionLoggerListener.log Command line argument: -Dignore.endorsed.dirs=
21-Feb-2018 11:46:50.259 INFO [main] org.apache.catalina.startup.VersionLoggerListener.log Command line argument: -Dcatalina.base=/Users/Pepper/IM2073WebApp/tomcat
21-Feb-2018 11:46:50.260 INFO [main] org.apache.catalina.startup.VersionLoggerListener.log Command line argument: -Dcatalina.home=/Users/Pepper/IM2073WebApp/tomcat
21-Feb-2018 11:46:50.260 INFO [main] org.apache.catalina.startup.VersionLoggerListener.log Command line argument: -Djava.io.tmpdir=/Users/Pepper/IM2073WebApp/tomcat/temp
21-Feb-2018 11:46:50.260 INFO [main] org.apache.catalina.core.AprLifecycleListener.lifecycleEvent The APR based Apache Tomcat Native library which allows optimal performance in production environments was not found on the java.library.path: [/Users/Pepper/Library/Java/Extensions:/Library/Java/Extensions:/Network/Library/Java/Extensions:/System/Library/Java/Extensions:/usr/lib/java:.]
21-Feb-2018 11:46:50.394 INFO [main] org.apache.coyote.AbstractProtocol.init Initializing ProtocolHandler ["http-nio-9999"]
21-Feb-2018 11:46:50.417 SEVERE [main] org.apache.catalina.util.LifecycleBase.handleSubClassException Failed to initialize component [Connector[HTTP/1.1-9999]]
 org.apache.catalina.LifecycleException: Protocol handler initialization failed
	at org.apache.catalina.connector.Connector.initInternal(Connector.java:935)
	at org.apache.catalina.util.LifecycleBase.init(LifecycleBase.java:136)
	at org.apache.catalina.core.StandardService.initInternal(StandardService.java:530)
	at org.apache.catalina.util.LifecycleBase.init(LifecycleBase.java:136)
	at org.apache.catalina.core.StandardServer.initInternal(StandardServer.java:852)
	at org.apache.catalina.util.LifecycleBase.init(LifecycleBase.java:136)
	at org.apache.catalina.startup.Catalina.load(Catalina.java:622)
	at org.apache.catalina.startup.Catalina.load(Catalina.java:645)
	at sun.reflect.NativeMethodAccessorImpl.invoke0(Native Method)
	at sun.reflect.NativeMethodAccessorImpl.invoke(NativeMethodAccessorImpl.java:62)
	at sun.reflect.DelegatingMethodAccessorImpl.invoke(DelegatingMethodAccessorImpl.java:43)
	at java.lang.reflect.Method.invoke(Method.java:498)
	at org.apache.catalina.startup.Bootstrap.load(Bootstrap.java:309)
	at org.apache.catalina.startup.Bootstrap.main(Bootstrap.java:492)
Caused by: java.net.BindException: Address already in use
	at sun.nio.ch.Net.bind0(Native Method)
	at sun.nio.ch.Net.bind(Net.java:433)
	at sun.nio.ch.Net.bind(Net.java:425)
	at sun.nio.ch.ServerSocketChannelImpl.bind(ServerSocketChannelImpl.java:223)
	at sun.nio.ch.ServerSocketAdaptor.bind(ServerSocketAdaptor.java:74)
	at org.apache.tomcat.util.net.NioEndpoint.initServerSocket(NioEndpoint.java:227)
	at org.apache.tomcat.util.net.NioEndpoint.bind(NioEndpoint.java:202)
	at org.apache.tomcat.util.net.AbstractEndpoint.init(AbstractEndpoint.java:1043)
	at org.apache.coyote.AbstractProtocol.init(AbstractProtocol.java:540)
	at org.apache.coyote.http11.AbstractHttp11Protocol.init(AbstractHttp11Protocol.java:74)
	at org.apache.catalina.connector.Connector.initInternal(Connector.java:932)
	... 13 more

21-Feb-2018 11:46:50.420 INFO [main] org.apache.coyote.AbstractProtocol.init Initializing ProtocolHandler ["ajp-nio-8009"]
21-Feb-2018 11:46:50.421 SEVERE [main] org.apache.catalina.util.LifecycleBase.handleSubClassException Failed to initialize component [Connector[AJP/1.3-8009]]
 org.apache.catalina.LifecycleException: Protocol handler initialization failed
	at org.apache.catalina.connector.Connector.initInternal(Connector.java:935)
	at org.apache.catalina.util.LifecycleBase.init(LifecycleBase.java:136)
	at org.apache.catalina.core.StandardService.initInternal(StandardService.java:530)
	at org.apache.catalina.util.LifecycleBase.init(LifecycleBase.java:136)
	at org.apache.catalina.core.StandardServer.initInternal(StandardServer.java:852)
	at org.apache.catalina.util.LifecycleBase.init(LifecycleBase.java:136)
	at org.apache.catalina.startup.Catalina.load(Catalina.java:622)
	at org.apache.catalina.startup.Catalina.load(Catalina.java:645)
	at sun.reflect.NativeMethodAccessorImpl.invoke0(Native Method)
	at sun.reflect.NativeMethodAccessorImpl.invoke(NativeMethodAccessorImpl.java:62)
	at sun.reflect.DelegatingMethodAccessorImpl.invoke(DelegatingMethodAccessorImpl.java:43)
	at java.lang.reflect.Method.invoke(Method.java:498)
	at org.apache.catalina.startup.Bootstrap.load(Bootstrap.java:309)
	at org.apache.catalina.startup.Bootstrap.main(Bootstrap.java:492)
Caused by: java.net.BindException: Address already in use
	at sun.nio.ch.Net.bind0(Native Method)
	at sun.nio.ch.Net.bind(Net.java:433)
	at sun.nio.ch.Net.bind(Net.java:425)
	at sun.nio.ch.ServerSocketChannelImpl.bind(ServerSocketChannelImpl.java:223)
	at sun.nio.ch.ServerSocketAdaptor.bind(ServerSocketAdaptor.java:74)
	at org.apache.tomcat.util.net.NioEndpoint.initServerSocket(NioEndpoint.java:227)
	at org.apache.tomcat.util.net.NioEndpoint.bind(NioEndpoint.java:202)
	at org.apache.tomcat.util.net.AbstractEndpoint.init(AbstractEndpoint.java:1043)
	at org.apache.coyote.AbstractProtocol.init(AbstractProtocol.java:540)
	at org.apache.catalina.connector.Connector.initInternal(Connector.java:932)
	... 13 more

21-Feb-2018 11:46:50.422 INFO [main] org.apache.catalina.startup.Catalina.load Initialization processed in 575 ms
21-Feb-2018 11:46:50.452 INFO [main] org.apache.catalina.core.StandardService.startInternal Starting service [Catalina]
21-Feb-2018 11:46:50.453 INFO [main] org.apache.catalina.core.StandardEngine.startInternal Starting Servlet Engine: Apache Tomcat/9.0.4
21-Feb-2018 11:46:50.463 INFO [main] org.apache.catalina.startup.HostConfig.deployDirectory Deploying web application directory [/Users/Pepper/IM2073WebApp/tomcat/webapps/docs]
21-Feb-2018 11:46:50.915 INFO [main] org.apache.jasper.servlet.TldScanner.scanJars At least one JAR was scanned for TLDs yet contained no TLDs. Enable debug logging for this logger for a complete list of JARs that were scanned but no TLDs were found in them. Skipping unneeded JARs during scanning can improve startup time and JSP compilation time.
21-Feb-2018 11:46:50.960 INFO [main] org.apache.catalina.startup.HostConfig.deployDirectory Deployment of web application directory [/Users/Pepper/IM2073WebApp/tomcat/webapps/docs] has finished in [498] ms
21-Feb-2018 11:46:50.961 INFO [main] org.apache.catalina.startup.HostConfig.deployDirectory Deploying web application directory [/Users/Pepper/IM2073WebApp/tomcat/webapps/manager]
21-Feb-2018 11:46:51.132 INFO [main] org.apache.jasper.servlet.TldScanner.scanJars At least one JAR was scanned for TLDs yet contained no TLDs. Enable debug logging for this logger for a complete list of JARs that were scanned but no TLDs were found in them. Skipping unneeded JARs during scanning can improve startup time and JSP compilation time.
21-Feb-2018 11:46:51.138 INFO [main] org.apache.catalina.startup.HostConfig.deployDirectory Deployment of web application directory [/Users/Pepper/IM2073WebApp/tomcat/webapps/manager] has finished in [177] ms
21-Feb-2018 11:46:51.138 INFO [main] org.apache.catalina.startup.HostConfig.deployDirectory Deploying web application directory [/Users/Pepper/IM2073WebApp/tomcat/webapps/examples]
21-Feb-2018 11:46:51.436 INFO [main] org.apache.jasper.servlet.TldScanner.scanJars At least one JAR was scanned for TLDs yet contained no TLDs. Enable debug logging for this logger for a complete list of JARs that were scanned but no TLDs were found in them. Skipping unneeded JARs during scanning can improve startup time and JSP compilation time.
21-Feb-2018 11:46:51.466 INFO [main] org.apache.catalina.startup.HostConfig.deployDirectory Deployment of web application directory [/Users/Pepper/IM2073WebApp/tomcat/webapps/examples] has finished in [328] ms
21-Feb-2018 11:46:51.467 INFO [main] org.apache.catalina.startup.HostConfig.deployDirectory Deploying web application directory [/Users/Pepper/IM2073WebApp/tomcat/webapps/ROOT]
21-Feb-2018 11:46:51.628 INFO [main] org.apache.jasper.servlet.TldScanner.scanJars At least one JAR was scanned for TLDs yet contained no TLDs. Enable debug logging for this logger for a complete list of JARs that were scanned but no TLDs were found in them. Skipping unneeded JARs during scanning can improve startup time and JSP compilation time.
21-Feb-2018 11:46:51.630 INFO [main] org.apache.catalina.startup.HostConfig.deployDirectory Deployment of web application directory [/Users/Pepper/IM2073WebApp/tomcat/webapps/ROOT] has finished in [164] ms
21-Feb-2018 11:46:51.631 INFO [main] org.apache.catalina.startup.HostConfig.deployDirectory Deploying web application directory [/Users/Pepper/IM2073WebApp/tomcat/webapps/hello]
21-Feb-2018 11:46:51.730 INFO [main] org.apache.jasper.servlet.TldScanner.scanJars At least one JAR was scanned for TLDs yet contained no TLDs. Enable debug logging for this logger for a complete list of JARs that were scanned but no TLDs were found in them. Skipping unneeded JARs during scanning can improve startup time and JSP compilation time.
21-Feb-2018 11:46:51.734 INFO [main] org.apache.catalina.startup.HostConfig.deployDirectory Deployment of web application directory [/Users/Pepper/IM2073WebApp/tomcat/webapps/hello] has finished in [103] ms
21-Feb-2018 11:46:51.734 INFO [main] org.apache.catalina.startup.HostConfig.deployDirectory Deploying web application directory [/Users/Pepper/IM2073WebApp/tomcat/webapps/host-manager]
21-Feb-2018 11:46:51.829 INFO [main] org.apache.jasper.servlet.TldScanner.scanJars At least one JAR was scanned for TLDs yet contained no TLDs. Enable debug logging for this logger for a complete list of JARs that were scanned but no TLDs were found in them. Skipping unneeded JARs during scanning can improve startup time and JSP compilation time.
21-Feb-2018 11:46:51.832 INFO [main] org.apache.catalina.startup.HostConfig.deployDirectory Deployment of web application directory [/Users/Pepper/IM2073WebApp/tomcat/webapps/host-manager] has finished in [97] ms
21-Feb-2018 11:46:51.835 INFO [main] org.apache.catalina.startup.Catalina.start Server startup in 1412 ms
21-Feb-2018 11:46:51.840 SEVERE [main] org.apache.catalina.core.StandardServer.await StandardServer.await: create[localhost:8005]: 
 java.net.BindException: Address already in use (Bind failed)
	at java.net.PlainSocketImpl.socketBind(Native Method)
	at java.net.AbstractPlainSocketImpl.bind(AbstractPlainSocketImpl.java:387)
	at java.net.ServerSocket.bind(ServerSocket.java:375)
	at java.net.ServerSocket.<init>(ServerSocket.java:237)
	at org.apache.catalina.core.StandardServer.await(StandardServer.java:422)
	at org.apache.catalina.startup.Catalina.await(Catalina.java:759)
	at org.apache.catalina.startup.Catalina.start(Catalina.java:705)
	at sun.reflect.NativeMethodAccessorImpl.invoke0(Native Method)
	at sun.reflect.NativeMethodAccessorImpl.invoke(NativeMethodAccessorImpl.java:62)
	at sun.reflect.DelegatingMethodAccessorImpl.invoke(DelegatingMethodAccessorImpl.java:43)
	at java.lang.reflect.Method.invoke(Method.java:498)
	at org.apache.catalina.startup.Bootstrap.start(Bootstrap.java:353)
	at org.apache.catalina.startup.Bootstrap.main(Bootstrap.java:493)

21-Feb-2018 11:46:51.841 INFO [main] org.apache.coyote.AbstractProtocol.pause Pausing ProtocolHandler ["http-nio-9999"]
21-Feb-2018 11:46:51.842 INFO [main] org.apache.coyote.AbstractProtocol.pause Pausing ProtocolHandler ["ajp-nio-8009"]
21-Feb-2018 11:46:51.843 INFO [main] org.apache.catalina.core.StandardService.stopInternal Stopping service [Catalina]
21-Feb-2018 11:46:51.876 INFO [main] org.apache.coyote.AbstractProtocol.stop Stopping ProtocolHandler ["http-nio-9999"]
21-Feb-2018 11:46:51.877 INFO [main] org.apache.coyote.AbstractProtocol.destroy Destroying ProtocolHandler ["http-nio-9999"]
21-Feb-2018 11:46:51.877 INFO [main] org.apache.coyote.AbstractProtocol.stop Stopping ProtocolHandler ["ajp-nio-8009"]
21-Feb-2018 11:46:51.878 INFO [main] org.apache.coyote.AbstractProtocol.destroy Destroying ProtocolHandler ["ajp-nio-8009"]
21-Feb-2018 11:47:13.711 INFO [Async1-Thread] async.Async1$1.run Putting AsyncThread to sleep
21-Feb-2018 11:47:14.492 INFO [Async1-Thread] async.Async1$1.run Putting AsyncThread to sleep
21-Feb-2018 11:47:15.716 INFO [Async1-Thread] async.Async1$1.run Dispatching to /jsp/async/async1.jsp
21-Feb-2018 11:47:16.494 INFO [Async1-Thread] async.Async1$1.run Dispatching to /jsp/async/async1.jsp
