14-Feb-2018 10:12:42.924 INFO [main] org.apache.catalina.core.ApplicationContext.log ContextListener: contextInitialized()
14-Feb-2018 10:12:42.925 INFO [main] org.apache.catalina.core.ApplicationContext.log SessionListener: contextInitialized()
14-Feb-2018 10:12:42.926 INFO [main] org.apache.catalina.core.ApplicationContext.log ContextListener: attributeAdded('StockTicker', 'async.Stockticker@3bf7ca37')
14-Feb-2018 10:16:22.848 INFO [Thread-5] org.apache.catalina.core.ApplicationContext.log SessionListener: contextDestroyed()
14-Feb-2018 10:16:22.848 INFO [Thread-5] org.apache.catalina.core.ApplicationContext.log ContextListener: contextDestroyed()
14-Feb-2018 10:18:53.115 INFO [main] org.apache.catalina.core.ApplicationContext.log ContextListener: contextInitialized()
14-Feb-2018 10:18:53.115 INFO [main] org.apache.catalina.core.ApplicationContext.log SessionListener: contextInitialized()
14-Feb-2018 10:18:53.117 INFO [main] org.apache.catalina.core.ApplicationContext.log ContextListener: attributeAdded('StockTicker', 'async.Stockticker@79079097')
14-Feb-2018 10:20:28.818 INFO [Thread-5] org.apache.catalina.core.ApplicationContext.log SessionListener: contextDestroyed()
14-Feb-2018 10:20:28.818 INFO [Thread-5] org.apache.catalina.core.ApplicationContext.log ContextListener: contextDestroyed()
14-Feb-2018 10:21:05.281 INFO [main] org.apache.catalina.core.ApplicationContext.log ContextListener: contextInitialized()
14-Feb-2018 10:21:05.282 INFO [main] org.apache.catalina.core.ApplicationContext.log SessionListener: contextInitialized()
14-Feb-2018 10:21:05.285 INFO [main] org.apache.catalina.core.ApplicationContext.log ContextListener: attributeAdded('StockTicker', 'async.Stockticker@3bf7ca37')
14-Feb-2018 10:23:42.027 INFO [Thread-5] org.apache.catalina.core.ApplicationContext.log SessionListener: contextDestroyed()
14-Feb-2018 10:23:42.027 INFO [Thread-5] org.apache.catalina.core.ApplicationContext.log ContextListener: contextDestroyed()
14-Feb-2018 10:41:51.414 INFO [main] org.apache.catalina.core.ApplicationContext.log ContextListener: contextInitialized()
14-Feb-2018 10:41:51.414 INFO [main] org.apache.catalina.core.ApplicationContext.log SessionListener: contextInitialized()
14-Feb-2018 10:41:51.416 INFO [main] org.apache.catalina.core.ApplicationContext.log ContextListener: attributeAdded('StockTicker', 'async.Stockticker@3bf7ca37')
14-Feb-2018 11:05:27.184 INFO [Thread-5] org.apache.catalina.core.ApplicationContext.log SessionListener: contextDestroyed()
14-Feb-2018 11:05:27.184 INFO [Thread-5] org.apache.catalina.core.ApplicationContext.log ContextListener: contextDestroyed()
14-Feb-2018 11:05:34.189 INFO [main] org.apache.catalina.core.ApplicationContext.log ContextListener: contextInitialized()
14-Feb-2018 11:05:34.190 INFO [main] org.apache.catalina.core.ApplicationContext.log SessionListener: contextInitialized()
14-Feb-2018 11:05:34.191 INFO [main] org.apache.catalina.core.ApplicationContext.log ContextListener: attributeAdded('StockTicker', 'async.Stockticker@45cff11c')
14-Feb-2018 11:18:40.101 INFO [Thread-5] org.apache.catalina.core.ApplicationContext.log SessionListener: contextDestroyed()
14-Feb-2018 11:18:40.102 INFO [Thread-5] org.apache.catalina.core.ApplicationContext.log ContextListener: contextDestroyed()
14-Feb-2018 11:19:21.968 INFO [main] org.apache.catalina.core.ApplicationContext.log ContextListener: contextInitialized()
14-Feb-2018 11:19:21.968 INFO [main] org.apache.catalina.core.ApplicationContext.log SessionListener: contextInitialized()
14-Feb-2018 11:19:21.970 INFO [main] org.apache.catalina.core.ApplicationContext.log ContextListener: attributeAdded('StockTicker', 'async.Stockticker@45cff11c')
